timestamp,cpu_pct,ram_used_mb,ram_pct,cpu_freq_mhz
00:19:08,0.0,3814,23.9,3478
00:19:09,12.9,3871,24.3,2573
00:19:10,13.3,3871,24.3,2937
00:19:11,12.9,3865,24.2,3723
00:19:12,11.9,3820,24.0,1606
00:19:13,11.2,3817,23.9,3145
00:19:14,12.2,3872,24.3,3594
00:19:15,14.9,3822,24.0,1599
00:19:16,10.1,3791,23.8,1889
00:19:17,10.6,3778,23.7,1599
00:19:18,10.3,3784,23.7,1596
00:19:19,11.6,3837,24.1,2713
00:19:20,4.3,3799,23.8,1890
00:19:21,0.8,3800,23.8,1598
00:19:22,0.5,3801,23.8,1681
00:19:23,1.2,3800,23.8,1598
00:19:24,2.1,3800,23.8,1604
00:19:25,0.5,3800,23.8,1598
00:19:26,0.5,3799,23.8,1598
00:19:27,0.9,3797,23.8,1600
00:19:28,0.5,3796,23.8,1615
00:19:29,0.6,3794,23.8,1601
00:19:30,0.9,3791,23.8,1600
00:19:31,0.5,3790,23.8,1888
00:19:32,0.6,3789,23.8,1887
00:19:33,0.8,3789,23.8,1712
00:19:34,1.2,3788,23.8,1598
00:19:35,8.4,3869,24.3,3290
00:19:36,6.1,3836,24.1,1709
00:19:37,5.6,3830,24.0,1622
00:19:38,1.9,3828,24.0,1885
00:19:39,5.7,3795,23.8,1885
00:19:40,0.4,3794,23.8,1597
00:19:41,0.4,3794,23.8,1600
00:19:42,1.0,3797,23.8,1597
00:19:43,0.4,3797,23.8,1600
00:19:44,1.2,3796,23.8,1886
00:19:45,1.6,3795,23.8,1780
00:19:46,0.9,3788,23.8,1725
00:19:47,1.0,3786,23.8,1901
00:19:48,1.1,3786,23.8,1706
00:19:49,0.9,3786,23.8,1749
00:19:50,8.1,3789,23.8,2301
00:19:51,15.0,4054,25.4,1604
00:19:52,25.1,4383,27.5,2969
00:19:53,48.4,4492,28.2,3692
00:19:54,50.5,4494,28.2,3431
00:19:55,50.1,4493,28.2,3169
00:19:56,50.4,4554,28.6,3168
00:19:57,50.0,4510,28.3,2907
00:19:58,49.9,4464,28.0,3431
00:19:59,50.0,4478,28.1,3430
00:20:00,50.2,4455,28.0,3195
00:20:01,49.9,4662,29.3,3430
00:20:02,49.8,4491,28.2,3430
00:20:03,49.6,4521,28.4,3502
00:20:04,31.7,4521,28.4,2907
00:20:05,41.6,4522,28.4,3183
00:20:06,27.5,4585,28.8,3692
00:20:07,26.0,4575,28.7,2733
00:20:08,24.0,4576,28.7,3168
00:20:09,24.9,4574,28.7,3251
00:20:10,28.0,4578,28.7,3031
00:20:11,32.3,4568,28.7,3320
00:20:12,30.3,4572,28.7,3690
00:20:13,10.9,4576,28.7,2372
00:20:14,1.2,4576,28.7,2293
00:20:15,1.1,4577,28.7,2175
00:20:16,0.9,4577,28.7,2260
00:20:17,1.0,4576,28.7,2294
00:20:18,3.4,4575,28.7,2278
00:20:19,9.9,4574,28.7,2174
00:20:20,8.0,4573,28.7,1887
00:20:21,1.2,4570,28.7,2190
00:20:22,1.0,4569,28.7,1616
00:20:24,0.9,4567,28.7,1599
00:20:25,32.5,4567,28.7,3692
00:20:26,50.9,4571,28.7,3691
00:20:27,51.4,4579,28.7,3692
00:20:28,52.1,4782,30.0,3691
00:20:29,51.1,4588,28.8,3691
00:20:30,50.7,4722,29.6,3691
00:20:31,51.8,4584,28.8,3691
00:20:32,50.8,4589,28.8,3691
00:20:33,51.2,4582,28.8,3691
00:20:34,51.5,4580,28.7,3692
00:20:35,50.4,4598,28.8,3691
00:20:36,46.5,4553,28.6,3019
00:20:37,31.1,4552,28.6,3006
00:20:38,44.2,4547,28.5,3706
00:20:39,36.8,4536,28.5,3440
00:20:40,24.8,4535,28.5,3029
00:20:41,20.6,4532,28.4,2453
00:20:42,27.4,4528,28.4,3546
00:20:43,21.8,4528,28.4,3005
00:20:44,29.0,4519,28.4,2794
00:20:45,29.6,4508,28.3,3021
00:20:46,29.8,4509,28.3,3235
00:20:47,20.1,4512,28.3,1925
00:20:48,1.0,4512,28.3,1960
00:20:49,0.6,4512,28.3,1674
00:20:50,0.7,4511,28.3,2003
00:20:51,0.7,4510,28.3,1908
00:20:52,0.6,4511,28.3,1796
00:20:53,10.5,4511,28.3,2745
00:20:54,7.1,4511,28.3,2017
00:20:55,0.9,4511,28.3,1990
00:20:56,0.6,4511,28.3,1624
00:20:57,0.9,4511,28.3,1625
00:20:58,0.6,4511,28.3,1611
00:20:59,0.6,4511,28.3,1627
00:21:00,1.5,4512,28.3,1844
00:21:01,1.1,4513,28.3,1904
00:21:02,0.7,4513,28.3,1763
00:21:03,0.9,4513,28.3,1886
00:21:04,1.2,4513,28.3,1680
00:21:05,1.0,4514,28.3,1706
00:21:06,0.9,4514,28.3,1748
00:21:07,1.2,4515,28.3,1670
00:21:08,0.5,4515,28.3,1733
00:21:09,0.7,4515,28.3,1886
00:21:10,1.0,4516,28.3,1977
00:21:11,0.5,4516,28.3,1952
00:21:12,2.9,4515,28.3,3691
00:21:13,53.5,4515,28.3,3168
00:21:14,50.2,4619,29.0,3169
00:21:15,50.3,4522,28.4,3430
00:21:16,50.8,4531,28.4,3169
00:21:17,50.0,4524,28.4,2907
00:21:18,49.9,4532,28.4,3169
00:21:19,53.2,4538,28.5,3194
00:21:20,50.1,4587,28.8,3431
00:21:21,50.7,4518,28.4,3430
00:21:22,50.1,4553,28.6,3691
00:21:23,50.2,4513,28.3,3430
00:21:24,29.5,4514,28.3,3025
00:21:25,40.9,4515,28.3,3016
00:21:26,35.2,4515,28.3,3434
00:21:27,23.0,4523,28.4,2745
00:21:28,20.7,4525,28.4,2738
00:21:29,24.3,4517,28.3,3168
00:21:30,24.2,4517,28.3,3319
00:21:31,25.6,4518,28.3,3025
00:21:32,29.1,4522,28.4,3033
00:21:33,29.3,4522,28.4,3035
00:21:34,24.2,4521,28.4,3028
00:21:35,5.6,4531,28.4,1957
00:21:36,1.3,4531,28.4,1913
00:21:37,0.9,4531,28.4,1886
00:21:38,0.6,4531,28.4,1600
00:21:39,0.7,4531,28.4,1886
00:21:40,0.9,4532,28.4,1949
00:21:41,0.4,4532,28.4,1778
00:21:42,3.7,4532,28.4,2703
00:21:43,12.9,4533,28.4,3300
00:21:44,1.1,4533,28.4,1954
00:21:45,0.9,4533,28.4,1806
00:21:46,1.0,4533,28.4,1622
00:21:47,0.6,4534,28.4,1652
00:21:48,1.1,4534,28.4,1718
00:21:49,2.0,4535,28.5,2048
00:21:50,0.6,4535,28.5,1911
00:21:51,0.9,4535,28.5,1887
00:21:52,0.9,4536,28.5,2061
00:21:53,0.7,4536,28.5,1886
00:21:54,0.9,4536,28.5,1887
00:21:55,14.4,4536,28.5,3228
00:21:56,50.1,4539,28.5,3430
00:21:57,50.1,4548,28.5,3195
00:21:58,50.3,4555,28.6,3430
00:21:59,50.4,4651,29.2,3430
00:22:00,50.2,4745,29.8,3169
00:22:01,50.3,4590,28.8,3431
00:22:02,50.3,4553,28.6,2907
00:22:03,50.2,4553,28.6,3169
00:22:04,50.3,4559,28.6,3567
00:22:05,49.8,4592,28.8,2907
00:22:06,40.6,4565,28.6,2908
00:22:07,38.3,4564,28.6,2174
00:22:08,24.7,4564,28.6,2458
00:22:09,24.8,4557,28.6,2908
00:22:10,33.5,4555,28.6,3168
00:22:11,16.0,4570,28.7,2068
00:22:12,0.7,4552,28.6,1989
00:22:13,10.5,4549,28.5,2456
00:22:14,7.1,4550,28.5,1886
00:22:15,0.6,4545,28.5,1950
00:22:16,1.0,4544,28.5,1619
00:22:17,0.6,4541,28.5,1622
00:22:18,0.6,4541,28.5,1598
00:22:19,3.0,4541,28.5,1600
00:22:20,0.5,4541,28.5,1611
00:22:21,1.9,4536,28.5,1726
00:22:22,1.4,4536,28.5,1625
00:22:23,0.9,4535,28.5,1615
00:22:24,0.7,4534,28.5,1690
00:22:25,1.0,4534,28.5,1616
00:22:26,24.9,4536,28.5,2907
00:22:27,50.2,4548,28.5,3692
00:22:28,50.6,4713,29.6,3169
00:22:29,50.4,4561,28.6,2907
00:22:30,50.4,4558,28.6,3691
00:22:31,50.0,4561,28.6,3691
00:22:32,49.9,4559,28.6,3169
00:22:33,49.9,4570,28.7,3691
00:22:34,50.4,4678,29.4,3169
00:22:35,50.1,4554,28.6,2907
00:22:36,49.9,4580,28.7,3430
00:22:37,41.5,4537,28.5,3469
00:22:38,42.2,4537,28.5,3177
00:22:39,27.5,4537,28.5,2168
00:22:40,26.2,4537,28.5,3581
00:22:41,27.3,4537,28.5,3471
00:22:42,33.1,4541,28.5,3547
00:22:43,24.2,4547,28.5,2015
00:22:44,0.7,4547,28.5,1627
00:22:45,7.9,4546,28.5,2747
00:22:46,10.0,4538,28.5,2047
00:22:47,0.7,4538,28.5,1930
00:22:48,1.2,4538,28.5,1886
00:22:49,0.5,4539,28.5,1731
00:22:50,0.5,4536,28.5,1668
00:22:51,0.5,4536,28.5,1663
00:22:52,0.7,4537,28.5,1871
00:22:53,0.5,4536,28.5,1597
00:22:54,0.4,4536,28.5,1598
00:22:55,0.9,4536,28.5,1765
00:22:56,0.7,4536,28.5,1611
00:22:57,0.3,4536,28.5,1600
00:22:58,0.7,4537,28.5,1598
00:22:59,8.3,4550,28.5,1603
00:23:00,2.0,4550,28.5,1614
00:23:01,2.8,4550,28.6,1659
00:23:02,1.1,4550,28.6,1599
00:23:03,0.5,4550,28.6,1599
00:23:04,1.1,4551,28.6,1640
00:23:05,0.6,4551,28.6,1598
00:23:06,0.5,4551,28.6,1598
00:23:07,1.1,4550,28.5,1724
00:23:08,0.6,4549,28.5,1711
00:23:09,1.8,4549,28.5,1600
00:23:10,3.9,4550,28.6,3267
00:23:11,12.5,4576,28.7,1599
00:23:12,8.7,4575,28.7,2139
00:23:13,11.5,4611,28.9,3691
00:23:14,1.3,4595,28.8,1597
00:23:15,1.2,4593,28.8,1599
00:23:16,2.0,4592,28.8,2096
00:23:17,0.7,4592,28.8,1597
00:23:18,0.6,4591,28.8,1598
00:23:19,3.1,4591,28.8,2117
00:23:20,1.2,4589,28.8,1605
00:23:21,0.8,4579,28.7,1600
00:23:22,1.3,4578,28.7,2210
00:23:23,0.5,4578,28.7,1599
00:23:24,0.6,4577,28.7,1599
00:23:25,0.8,4577,28.7,1688
00:23:26,0.6,4568,28.7,1599
00:23:27,1.5,4564,28.6,1598
00:23:28,1.0,4561,28.6,2201
00:23:29,5.8,4568,28.7,1643
00:23:30,2.9,4565,28.6,1736
00:23:31,3.4,4562,28.6,2052
00:23:32,5.0,4557,28.6,1648
00:23:33,2.0,4555,28.6,1888
00:23:34,11.8,4588,28.8,3477
00:23:35,8.0,3273,20.5,1598
00:23:36,24.9,3483,21.9,3482
00:23:37,16.1,3581,22.5,2980
00:23:38,12.7,3612,22.7,2168
00:23:39,8.9,3742,23.5,2360
00:23:40,28.8,3780,23.7,3428
00:23:41,35.3,3823,24.0,2932
00:23:42,24.3,3825,24.0,2511
00:23:43,33.3,3824,24.0,3246
00:23:44,13.3,3816,23.9,2160
00:23:45,7.0,3813,23.9,1598
00:23:46,0.9,3813,23.9,1810
00:23:47,0.9,3811,23.9,1993
00:23:48,0.7,3811,23.9,1920
00:23:49,0.8,3812,23.9,1777
00:23:50,0.5,3812,23.9,1723
00:23:51,1.4,3814,23.9,2311
00:23:52,1.8,3805,23.9,2094
00:23:53,0.8,3806,23.9,1658
00:23:54,0.8,3806,23.9,1625
00:23:55,1.0,3806,23.9,1890
00:23:56,0.7,3806,23.9,1641
00:23:57,0.9,3806,23.9,1643
00:23:58,1.1,3806,23.9,1799
00:23:59,0.7,3801,23.9,1705
00:24:00,0.6,3800,23.8,1635
00:24:01,1.2,3795,23.8,1923
00:24:02,0.8,3794,23.8,1654
00:24:03,0.8,3793,23.8,1646
00:24:04,1.0,3793,23.8,1813
00:24:05,0.7,3794,23.8,1671
00:24:06,0.6,3794,23.8,1654
00:24:07,1.1,3793,23.8,1834
00:24:08,0.9,3795,23.8,1659
00:24:09,1.0,3795,23.8,1631
00:24:10,0.8,3796,23.8,1694
00:24:11,0.9,3793,23.8,1700
00:24:12,0.5,3793,23.8,1604
00:24:13,1.0,3794,23.8,1729
00:24:14,0.7,3794,23.8,1654
00:24:15,0.6,3794,23.8,1638
00:24:16,1.0,3795,23.8,1917
00:24:17,0.6,3795,23.8,1654
00:24:18,0.4,3795,23.8,1754
00:24:19,3.4,3796,23.8,1908
00:24:20,5.1,4161,26.1,2442
00:24:21,40.2,4441,27.9,3169
00:24:22,50.4,4411,27.7,3692
00:24:23,49.9,4524,28.4,2908
00:24:24,49.0,4596,28.8,2646
00:24:25,50.1,4448,27.9,3691
00:24:26,49.4,4602,28.9,3169
00:24:27,49.8,4490,28.2,3430
00:24:28,42.4,4517,28.3,2992
00:24:29,16.9,4865,30.5,1596
00:24:30,22.0,5311,33.3,1632
00:24:31,21.9,5711,35.8,2218
00:24:32,19.1,6594,41.4,1598
00:24:33,48.6,6647,41.7,2907
00:24:34,51.1,6646,41.7,3692
00:24:35,50.1,6646,41.7,3693
00:24:36,50.3,6647,41.7,3430
00:24:37,50.5,6648,41.7,3692
00:24:38,50.1,6648,41.7,3430
00:24:39,50.4,6648,41.7,2907
00:24:40,50.6,6649,41.7,3691
00:24:41,50.3,6649,41.7,3169
00:24:42,50.4,6649,41.7,3169
00:24:43,50.6,6651,41.7,3691
00:24:44,50.3,6650,41.7,3169
00:24:45,51.0,6648,41.7,3169
00:24:46,50.4,6647,41.7,3691
00:24:47,50.3,6646,41.7,2646
00:24:48,50.7,6645,41.7,3432
00:24:49,50.6,6644,41.7,3430
00:24:50,50.3,6644,41.7,3169
00:24:51,50.5,6643,41.7,3168
00:24:52,50.4,6644,41.7,3430
00:24:53,50.8,6644,41.7,3169
00:24:54,50.4,6643,41.7,3430
00:24:55,50.4,6643,41.7,3169
00:24:56,50.4,6644,41.7,3430
00:24:57,50.3,6644,41.7,3691
00:24:58,50.6,6643,41.7,3169
00:24:59,50.6,6643,41.7,3169
00:25:00,50.4,6647,41.7,3168
00:25:01,50.4,6647,41.7,3169
00:25:02,50.4,6647,41.7,2907
00:25:03,50.4,6647,41.7,3168
00:25:04,50.4,6647,41.7,3170
00:25:05,50.4,6647,41.7,2907
00:25:06,50.4,6647,41.7,3169
00:25:07,50.4,6648,41.7,3168
00:25:08,50.4,6648,41.7,3169
00:25:09,50.4,6648,41.7,3168
00:25:10,50.4,6648,41.7,2646
00:25:11,50.6,6649,41.7,3430
00:25:12,52.5,6656,41.8,3691
00:25:13,53.9,6662,41.8,3691
00:25:14,56.5,6674,41.9,3691
00:25:15,66.4,6790,42.6,2907
00:25:16,57.6,6809,42.7,3691
00:25:17,53.9,6807,42.7,3692
00:25:18,59.4,6807,42.7,3691
00:25:19,57.2,6806,42.7,3691
00:25:20,53.4,6802,42.7,3691
00:25:21,52.3,6798,42.7,3692
00:25:22,52.2,6796,42.6,3169
00:25:23,48.5,6800,42.7,3739
00:25:24,29.4,6803,42.7,2913
00:25:25,29.5,6803,42.7,3182
00:25:26,45.3,6823,42.8,2748
00:25:27,34.2,6794,42.6,3308
00:25:28,38.7,6888,43.2,2646
00:25:29,18.2,7001,43.9,2459
00:25:30,25.9,7018,44.0,1886
00:25:31,25.7,7019,44.0,2174
00:25:32,20.3,7020,44.0,3691
00:25:33,19.4,7024,44.1,2733
00:25:34,27.0,7024,44.1,2437
00:25:35,26.7,7024,44.1,2445
00:25:36,22.6,7023,44.1,3430
00:25:37,32.3,6932,43.5,3734
00:25:38,28.1,6928,43.5,2724
00:25:39,25.4,6928,43.5,3455
00:25:40,30.2,6928,43.5,3200
00:25:41,27.3,6929,43.5,2757
00:25:42,21.0,6930,43.5,3590
00:25:43,2.5,6931,43.5,1600
00:25:44,0.6,6931,43.5,1613
00:25:45,0.6,6930,43.5,1599
00:25:46,1.2,6929,43.5,1748
00:25:47,0.8,6929,43.5,1643
00:25:48,1.0,6931,43.5,1673
00:25:49,0.5,6931,43.5,1599
00:25:50,1.5,6930,43.5,1958
00:25:51,0.9,6930,43.5,2175
00:25:52,0.6,6931,43.5,1974
00:25:53,0.9,6932,43.5,2278
00:25:54,0.3,6932,43.5,1888
00:25:55,0.9,6931,43.5,2239
00:25:56,0.7,6932,43.5,1886
00:25:57,0.6,6932,43.5,2175
00:25:58,10.1,6932,43.5,2739
00:25:59,7.5,6932,43.5,2231
00:26:00,0.5,6932,43.5,1887
00:26:01,0.6,6932,43.5,1745
00:26:02,0.6,6932,43.5,1800
00:26:03,0.4,6932,43.5,1783
00:26:04,0.5,6932,43.5,1635
00:26:05,0.7,6933,43.5,1887
00:26:06,0.5,6929,43.5,1886
00:26:07,0.5,6930,43.5,1598
00:26:08,0.5,6931,43.5,1598
00:26:09,0.4,6931,43.5,1598
00:26:10,17.1,6956,43.6,1812
00:26:11,8.8,6955,43.6,1752
00:26:12,6.3,6954,43.6,1905
00:26:13,15.8,6956,43.6,3787
00:26:14,10.7,6976,43.8,1642
00:26:15,4.8,6971,43.7,1600
00:26:16,3.2,6970,43.7,1603
00:26:17,1.9,6967,43.7,1886
00:26:18,3.7,6956,43.6,1742
00:26:19,2.3,6955,43.6,1659
00:26:20,2.1,6955,43.6,1975
00:26:21,2.4,6954,43.6,1698
00:26:22,32.6,7137,44.8,3691
00:26:23,49.8,6947,43.6,3692
00:26:24,49.1,7014,44.0,3170
00:26:25,49.2,7082,44.4,3430
00:26:26,49.4,6941,43.6,3430
00:26:27,50.2,7025,44.1,3169
00:26:28,52.4,6934,43.5,3753
00:26:29,49.8,6936,43.5,3168
00:26:30,50.4,6932,43.5,2907
00:26:31,50.4,6932,43.5,3169
00:26:32,50.5,6932,43.5,3430
00:26:33,50.4,6932,43.5,3169
00:26:34,50.4,6933,43.5,3691
00:26:35,50.4,6933,43.5,2907
00:26:36,50.4,6933,43.5,3691
00:26:37,50.5,6932,43.5,2907
00:26:38,50.4,6932,43.5,3169
00:26:39,50.5,6931,43.5,3456
00:26:40,50.4,6931,43.5,3746
00:26:41,50.7,6933,43.5,3749
00:26:42,50.4,6932,43.5,3752
00:26:43,53.1,6931,43.5,3697
00:26:44,50.9,6927,43.5,3457
00:26:45,50.5,6927,43.5,3215
00:26:46,51.1,6927,43.5,3430
00:26:47,50.6,6927,43.5,3692
00:26:48,37.3,6927,43.5,3581
00:26:49,27.9,6927,43.5,2743
00:26:50,41.2,6927,43.5,3432
00:26:51,36.1,6934,43.5,3175
00:26:52,33.5,6930,43.5,3035
00:26:53,21.9,6966,43.7,1886
00:26:54,24.7,6964,43.7,2454
00:26:55,25.1,6964,43.7,2547
00:26:56,24.7,6965,43.7,3718
00:26:57,17.1,6964,43.7,2646
00:26:58,21.2,6964,43.7,2172
00:26:59,24.9,6964,43.7,2170
00:27:00,28.3,6964,43.7,2909
00:27:01,28.1,6964,43.7,3026
00:27:02,26.9,6964,43.7,2646
00:27:03,29.5,6964,43.7,3086
00:27:04,25.4,6964,43.7,2919
00:27:05,23.8,6964,43.7,2741
00:27:06,7.6,6976,43.8,2184
00:27:07,0.9,6975,43.8,2175
00:27:08,1.1,6975,43.8,2150
00:27:09,0.9,6973,43.7,2241
00:27:10,0.9,6972,43.7,2030
00:27:11,0.9,6971,43.7,1675
00:27:12,0.9,6973,43.7,1887
00:27:13,1.4,6969,43.7,2174
00:27:14,1.1,6970,43.7,1926
00:27:15,1.0,6970,43.7,1887
00:27:16,1.0,6970,43.7,1761
00:27:17,2.3,6971,43.7,1752
00:27:18,1.2,6971,43.7,1966
00:27:19,0.8,6971,43.7,1883
00:27:20,8.1,6971,43.7,3010
00:27:21,9.3,6971,43.7,1887
00:27:22,1.3,6971,43.7,1940
00:27:23,1.0,6969,43.7,1619
00:27:24,1.1,6969,43.7,1888
00:27:25,1.5,6971,43.7,1788
00:27:26,1.4,6970,43.7,1727
00:27:27,1.0,6970,43.7,1896
00:27:28,3.6,6970,43.7,2052
00:27:29,1.1,6971,43.7,1820
00:27:30,1.1,6971,43.7,1887
00:27:31,1.5,6972,43.7,1886
00:27:32,1.0,6972,43.7,1622
00:27:33,1.1,6972,43.7,1869
00:27:34,1.5,6972,43.7,1750
00:27:35,1.1,6973,43.8,1718
00:27:36,1.1,6973,43.8,1976
00:27:37,1.0,6972,43.7,1982
00:27:38,1.2,6973,43.8,1719
00:27:39,37.5,7144,44.8,3169
00:27:40,49.6,6984,43.8,3692
00:27:41,50.2,7088,44.5,3430
00:27:42,49.5,7188,45.1,3430
00:27:43,49.8,6981,43.8,3455
00:27:44,50.4,7154,44.9,3169
00:27:45,46.3,6969,43.7,3415
00:27:46,51.4,6972,43.7,2907
00:27:47,50.7,6971,43.7,3169
00:27:48,51.0,6970,43.7,3169
00:27:49,50.5,6969,43.7,2907
00:27:50,50.6,6964,43.7,3169
00:27:51,50.6,6964,43.7,3169
00:27:52,50.6,6964,43.7,2646
00:27:53,51.2,6966,43.7,3168
00:27:54,50.6,6976,43.8,3169
00:27:55,50.6,6976,43.8,2907
00:27:56,50.6,6975,43.8,2907
00:27:57,50.4,6974,43.8,3745
00:27:58,50.8,6972,43.7,3169
00:27:59,50.7,6970,43.7,3168
00:28:00,50.4,6968,43.7,3430
00:28:01,50.7,6964,43.7,3206
00:28:02,50.7,6962,43.7,3169
00:28:03,50.3,6961,43.7,3169
00:28:04,50.7,6961,43.7,2907
00:28:05,50.8,6960,43.7,3691
00:28:06,36.7,6960,43.7,2720
00:28:07,32.8,6960,43.7,2907
00:28:08,40.5,6960,43.7,3101
00:28:09,34.3,6960,43.7,2835
00:28:10,24.5,6967,43.7,3173
00:28:11,23.8,6967,43.7,3393
00:28:12,22.3,6967,43.7,2737
00:28:13,23.0,6967,43.7,3319
00:28:14,22.3,6968,43.7,2457
00:28:15,27.3,6968,43.7,2956
00:28:16,28.0,6968,43.7,2712
00:28:17,27.3,6968,43.7,2745
00:28:18,29.4,6968,43.7,3178
00:28:19,21.9,6977,43.8,3098
00:28:20,0.9,6978,43.8,1722
00:28:21,1.6,6978,43.8,1671
00:28:22,1.3,6978,43.8,2174
00:28:23,1.0,6978,43.8,2175
00:28:24,1.0,6978,43.8,1907
00:28:25,0.6,6977,43.8,2279
00:28:26,1.1,6977,43.8,1803
00:28:27,1.0,6977,43.8,2173
00:28:28,0.8,6977,43.8,2173
00:28:29,3.0,6977,43.8,2694
00:28:30,12.9,6977,43.8,2460
00:28:31,2.0,6978,43.8,2307
00:28:32,0.8,6979,43.8,2175
00:28:33,1.1,6976,43.8,1843
00:28:34,0.6,6976,43.8,1887
00:28:35,2.1,6977,43.8,1939
00:28:36,1.2,6978,43.8,1838
00:28:37,2.2,6978,43.8,2598
00:28:38,1.5,6979,43.8,1887
00:28:39,1.2,6978,43.8,1700
00:28:40,1.9,6979,43.8,1984
00:28:41,1.9,6979,43.8,1896
00:28:42,33.1,6981,43.8,3168
00:28:43,50.3,7183,45.1,3432
00:28:44,50.2,6980,43.8,3431
00:28:45,49.7,7022,44.1,3430
00:28:46,50.5,6983,43.8,3450
00:28:47,50.2,7004,43.9,3194
00:28:48,47.6,6980,43.8,3691
00:28:49,50.9,6981,43.8,3169
00:28:50,54.4,6980,43.8,3430
00:28:51,50.6,6978,43.8,3430
00:28:52,50.8,6978,43.8,3431
00:28:53,51.1,6977,43.8,3691
00:28:54,50.4,6977,43.8,3168
00:28:55,50.8,6977,43.8,2907
00:28:56,50.7,6978,43.8,3692
00:28:57,50.4,6978,43.8,2907
00:28:58,50.6,6976,43.8,3430
00:28:59,50.6,6976,43.8,3430
00:29:00,50.5,6976,43.8,3431
00:29:01,50.8,6976,43.8,3755
00:29:02,50.8,6976,43.8,3691
00:29:03,50.4,6976,43.8,2907
00:29:04,50.5,6976,43.8,3692
00:29:05,50.8,6976,43.8,3691
00:29:06,50.5,6976,43.8,3169
00:29:07,50.6,6976,43.8,3195
00:29:08,50.9,6976,43.8,3430
00:29:09,47.6,6976,43.8,3430
00:29:10,28.1,6976,43.8,3307
00:29:11,35.8,6976,43.8,3430
00:29:12,39.1,6976,43.8,3437
00:29:13,34.2,6977,43.8,2907
00:29:14,22.4,6978,43.8,2459
00:29:15,23.8,6978,43.8,2726
00:29:16,24.5,6977,43.8,2171
00:29:17,24.4,6977,43.8,2319
00:29:18,24.1,6976,43.8,2734
00:29:19,23.6,6976,43.8,3430
00:29:20,20.1,6977,43.8,3169
00:29:21,29.7,6978,43.8,2460
00:29:22,29.6,6979,43.8,3693
00:29:23,26.0,6979,43.8,2696
00:29:24,29.7,6979,43.8,3031
00:29:25,22.8,6979,43.8,2741
00:29:26,8.6,6981,43.8,1977
00:29:27,0.6,6980,43.8,1886
00:29:28,1.0,6980,43.8,1886
00:29:29,1.3,6980,43.8,1909
00:29:30,0.7,6980,43.8,2175
00:29:31,0.8,6980,43.8,2046
00:29:32,1.1,6980,43.8,2195
00:29:33,0.9,6980,43.8,2175
00:29:34,0.9,6979,43.8,2165
00:29:35,1.0,6979,43.8,2199
00:29:36,1.1,6979,43.8,2059
00:29:37,0.8,6979,43.8,2185
00:29:38,2.2,6980,43.8,2374
00:29:39,13.0,6980,43.8,2461
00:29:40,3.6,6980,43.8,2256
00:29:41,1.8,6985,43.8,1686
00:29:42,2.0,6983,43.8,1886
00:29:43,0.8,6979,43.8,1887
00:29:44,1.5,6979,43.8,1923
00:29:45,1.2,6979,43.8,1626
00:29:46,1.5,6979,43.8,1717
00:29:47,1.6,6978,43.8,1735
00:29:48,1.1,6978,43.8,1598
00:29:49,1.0,6978,43.8,1599
00:29:50,1.0,6978,43.8,1599
00:29:51,1.0,6978,43.8,1900
00:29:52,3.2,6978,43.8,1599
00:29:53,7.2,6979,43.8,3691
00:29:54,50.7,6978,43.8,3168
00:29:55,50.7,6978,43.8,3169
00:29:56,50.8,6978,43.8,2907
00:29:57,50.4,6979,43.8,3168
00:29:58,50.6,6979,43.8,3169
00:29:59,50.7,6979,43.8,3195
00:30:00,50.4,6979,43.8,3170
00:30:01,50.6,6979,43.8,2907
00:30:02,50.6,6979,43.8,3168
00:30:03,50.6,6979,43.8,3169
00:30:04,50.4,6979,43.8,3169
00:30:05,50.6,6979,43.8,3429
00:30:06,50.7,6980,43.8,3430
00:30:07,50.7,6980,43.8,2907
00:30:08,50.8,6979,43.8,3432
00:30:09,50.7,6979,43.8,3691
00:30:10,50.6,6979,43.8,3169
00:30:11,50.7,6979,43.8,3169
00:30:12,50.4,6978,43.8,3430
00:30:13,51.1,6978,43.8,3169
00:30:14,50.9,6978,43.8,3691
00:30:15,34.4,6979,43.8,3025
00:30:16,32.0,6979,43.8,3708
00:30:17,47.2,7003,43.9,3437
00:30:18,35.0,6986,43.8,3035
00:30:19,28.2,6991,43.9,2956
00:30:20,24.7,6989,43.8,3214
00:30:21,24.3,6989,43.8,3254
00:30:22,24.4,6989,43.8,3245
00:30:23,27.6,6991,43.9,2957
00:30:24,26.6,6991,43.9,3479
00:30:25,33.3,6994,43.9,3766
00:30:26,31.9,7000,43.9,2907
00:30:27,41.8,7092,44.5,3021
00:30:28,34.9,7092,44.5,3769
00:30:29,33.6,7091,44.5,3586
00:30:30,23.3,7098,44.5,1735
00:30:31,1.3,7098,44.5,2069
00:30:32,1.5,7098,44.5,1830
00:30:34,1.3,7097,44.5,2072
00:30:35,1.5,7096,44.5,1605
00:30:36,1.8,7094,44.5,1669
00:30:37,0.9,7093,44.5,1600
00:30:38,1.2,7090,44.5,1744
00:30:39,2.0,7090,44.5,1773
00:30:40,1.0,7090,44.5,1690
00:30:41,1.1,7090,44.5,1886
00:30:42,2.1,7090,44.5,2334
00:30:43,12.9,7090,44.5,3774
00:30:44,4.3,7091,44.5,1947
00:30:45,2.1,7091,44.5,1886
00:30:46,1.1,7091,44.5,1677
00:30:47,1.1,7090,44.5,1599
00:30:48,3.4,6980,43.8,1949
00:30:49,2.5,6980,43.8,1598
00:30:50,0.9,6981,43.8,1950
00:30:51,2.0,6981,43.8,1631
00:30:52,4.8,6981,43.8,1604
00:30:53,2.2,6982,43.8,1601
00:30:54,4.4,6983,43.8,1625
00:30:55,1.6,6983,43.8,1659
00:30:56,2.9,6983,43.8,1752
00:30:57,2.5,6984,43.8,1973
00:30:58,1.9,6984,43.8,1680
00:30:59,2.0,6984,43.8,1690
00:31:00,2.1,6984,43.8,1677
00:31:01,1.4,6984,43.8,1948
00:31:02,1.0,6984,43.8,1693
00:31:03,0.7,6984,43.8,1670
00:31:04,45.2,6975,43.8,3430
00:31:05,51.1,7196,45.2,3430
00:31:06,51.6,6987,43.8,3691
00:31:07,50.2,6980,43.8,3168
00:31:08,51.1,7191,45.1,3430
00:31:09,51.1,6981,43.8,3691
00:31:10,57.7,7014,44.0,3741
00:31:11,70.9,7082,44.4,3755
00:31:12,64.8,7138,44.8,3703
00:31:13,29.2,7136,44.8,2795
00:31:14,28.0,7139,44.8,3430
00:31:15,29.7,7137,44.8,3565
00:31:16,29.6,7146,44.8,2647
00:31:17,2.5,7120,44.7,3692
00:31:18,8.0,7118,44.7,3286
00:31:19,11.0,7112,44.6,2175
00:31:20,1.5,7111,44.6,1598
00:31:21,1.3,7109,44.6,1621
00:31:22,1.0,7108,44.6,1887
00:31:23,1.6,7107,44.6,1737
00:31:24,1.6,7102,44.6,1708
00:31:25,0.5,7102,44.6,1600
00:31:26,1.3,7100,44.5,1885
00:31:27,1.2,7102,44.6,1600
00:31:28,0.6,7095,44.5,1598
00:31:29,0.6,7096,44.5,1674
00:31:30,0.9,7097,44.5,1599
00:31:31,10.2,7114,44.6,3718
00:31:32,8.4,7118,44.7,1600
00:31:33,1.5,7115,44.6,1600
00:31:34,2.5,7115,44.6,1607
00:31:35,1.2,7116,44.6,1598
00:31:36,2.2,7116,44.6,1657
00:31:37,7.6,7123,44.7,2277
00:31:38,3.6,7113,44.6,2906
00:31:39,11.7,7133,44.8,1700
00:31:40,7.5,7133,44.8,1599
00:31:41,9.5,7149,44.9,1885
